1 [SwanLab-INFO]:        Experiment KNN_Iris_Mar03_11-15-25 has been registered.
2 [SwanLab-INFO]:        Run data will be saved locally in D:\XDU_Pattern_Recgonition\KNN\swanlog\run-20240303_111525-4d59ca5b
3 [SwanLab-INFO]:        Experiment_name: KNN_Iris_Mar03_11-15-25
4 [SwanLab-INFO]:        Run `swanlab watch` to view SwanLab Experiment Dashboard
5 k=1时，Iris数据集的最近邻准确率为： 0.96
6 k=2时，Iris数据集的k近邻准确率为： 0.96
7 k=3时，Iris数据集的k近邻准确率为： 0.96
8 k=4时，Iris数据集的k近邻准确率为： 0.9666666666666667
9 k=5时，Iris数据集的k近邻准确率为： 0.9666666666666667
10 k=6时，Iris数据集的k近邻准确率为： 0.9666666666666667
11 k=7时，Iris数据集的k近邻准确率为： 0.9666666666666667
12 k=8时，Iris数据集的k近邻准确率为： 0.9666666666666667
13 k=9时，Iris数据集的k近邻准确率为： 0.9666666666666667
14 k=10时，Iris数据集的k近邻准确率为： 0.96
15 k=11时，Iris数据集的k近邻准确率为： 0.9733333333333334
16 k=12时，Iris数据集的k近邻准确率为： 0.9733333333333334
17 k=13时，Iris数据集的k近邻准确率为： 0.9666666666666667
18 k=14时，Iris数据集的k近邻准确率为： 0.9666666666666667
19 k=15时，Iris数据集的k近邻准确率为： 0.9733333333333334
20 k=16时，Iris数据集的k近邻准确率为： 0.9733333333333334
21 k=17时，Iris数据集的k近邻准确率为： 0.9733333333333334
22 k=18时，Iris数据集的k近邻准确率为： 0.9733333333333334
23 k=19时，Iris数据集的k近邻准确率为： 0.98
24 k=20时，Iris数据集的k近邻准确率为： 0.9733333333333334
25 k=21时，Iris数据集的k近邻准确率为： 0.98
26 k=22时，Iris数据集的k近邻准确率为： 0.9733333333333334
27 k=23时，Iris数据集的k近邻准确率为： 0.9666666666666667
28 k=24时，Iris数据集的k近邻准确率为： 0.9666666666666667
29 k=25时，Iris数据集的k近邻准确率为： 0.9666666666666667
30 k=26时，Iris数据集的k近邻准确率为： 0.9666666666666667
31 k=27时，Iris数据集的k近邻准确率为： 0.9666666666666667
32 k=28时，Iris数据集的k近邻准确率为： 0.9666666666666667
33 k=29时，Iris数据集的k近邻准确率为： 0.9533333333333334
34 k=30时，Iris数据集的k近邻准确率为： 0.9533333333333334
35 k=31时，Iris数据集的k近邻准确率为： 0.9466666666666667
36 k=32时，Iris数据集的k近邻准确率为： 0.9533333333333334
37 k=33时，Iris数据集的k近邻准确率为： 0.9533333333333334
38 k=34时，Iris数据集的k近邻准确率为： 0.9533333333333334
39 k=35时，Iris数据集的k近邻准确率为： 0.9533333333333334
40 k=36时，Iris数据集的k近邻准确率为： 0.9466666666666667
41 k=37时，Iris数据集的k近邻准确率为： 0.9466666666666667
42 k=38时，Iris数据集的k近邻准确率为： 0.9466666666666667
43 k=39时，Iris数据集的k近邻准确率为： 0.9533333333333334
44 k=40时，Iris数据集的k近邻准确率为： 0.9466666666666667
45 k=41时，Iris数据集的k近邻准确率为： 0.9466666666666667
46 k=42时，Iris数据集的k近邻准确率为： 0.9466666666666667
47 k=43时，Iris数据集的k近邻准确率为： 0.94
48 k=44时，Iris数据集的k近邻准确率为： 0.94
49 k=45时，Iris数据集的k近邻准确率为： 0.9466666666666667
50 k=46时，Iris数据集的k近邻准确率为： 0.9466666666666667
51 k=47时，Iris数据集的k近邻准确率为： 0.9466666666666667
52 k=48时，Iris数据集的k近邻准确率为： 0.96
53 k=49时，Iris数据集的k近邻准确率为： 0.94
54 k=50时，Iris数据集的k近邻准确率为： 0.94
55 [SwanLab-INFO]:        The current experiment KNN_Iris_Mar03_11-15-25 has been completed, SwanLab will close it automatically
