1 [SwanLab-INFO]:        Experiment fisher_KNN_Iris_Mar03_11-09-39 has been registered.
2 [SwanLab-INFO]:        Run data will be saved locally in D:\XDU_Pattern_Recgonition\KNN\swanlog\run-20240303_110939-b7d39e81
3 [SwanLab-INFO]:        Experiment_name: fisher_KNN_Iris_Mar03_11-09-39
4 [SwanLab-INFO]:        Run `swanlab watch` to view SwanLab Experiment Dashboard
5 k=1时，Iris数据集的最近邻准确率为： 0.9533333333333334
6 k=2时，Iris数据集的k近邻准确率为： 0.9733333333333334
7 k=3时，Iris数据集的k近邻准确率为： 0.98
8 k=4时，Iris数据集的k近邻准确率为： 0.9866666666666667
9 k=5时，Iris数据集的k近邻准确率为： 0.9866666666666667
10 k=6时，Iris数据集的k近邻准确率为： 0.9733333333333334
11 k=7时，Iris数据集的k近邻准确率为： 0.9666666666666667
12 k=8时，Iris数据集的k近邻准确率为： 0.9666666666666667
13 k=9时，Iris数据集的k近邻准确率为： 0.98
14 k=10时，Iris数据集的k近邻准确率为： 0.98
15 k=11时，Iris数据集的k近邻准确率为： 0.98
16 k=12时，Iris数据集的k近邻准确率为： 0.9733333333333334
17 k=13时，Iris数据集的k近邻准确率为： 0.98
18 k=14时，Iris数据集的k近邻准确率为： 0.98
19 k=15时，Iris数据集的k近邻准确率为： 0.98
20 k=16时，Iris数据集的k近邻准确率为： 0.98
21 k=17时，Iris数据集的k近邻准确率为： 0.98
22 k=18时，Iris数据集的k近邻准确率为： 0.98
23 k=19时，Iris数据集的k近邻准确率为： 0.98
24 k=20时，Iris数据集的k近邻准确率为： 0.98
25 k=21时，Iris数据集的k近邻准确率为： 0.98
26 k=22时，Iris数据集的k近邻准确率为： 0.98
27 k=23时，Iris数据集的k近邻准确率为： 0.9866666666666667
28 k=24时，Iris数据集的k近邻准确率为： 0.98
29 k=25时，Iris数据集的k近邻准确率为： 0.9866666666666667
30 k=26时，Iris数据集的k近邻准确率为： 0.9866666666666667
31 k=27时，Iris数据集的k近邻准确率为： 0.9866666666666667
32 k=28时，Iris数据集的k近邻准确率为： 0.9866666666666667
33 k=29时，Iris数据集的k近邻准确率为： 0.9866666666666667
34 k=30时，Iris数据集的k近邻准确率为： 0.98
35 k=31时，Iris数据集的k近邻准确率为： 0.9866666666666667
36 k=32时，Iris数据集的k近邻准确率为： 0.9866666666666667
37 k=33时，Iris数据集的k近邻准确率为： 0.9866666666666667
38 k=34时，Iris数据集的k近邻准确率为： 0.9866666666666667
39 k=35时，Iris数据集的k近邻准确率为： 0.9866666666666667
40 k=36时，Iris数据集的k近邻准确率为： 0.98
41 k=37时，Iris数据集的k近邻准确率为： 0.98
42 k=38时，Iris数据集的k近邻准确率为： 0.98
43 k=39时，Iris数据集的k近邻准确率为： 0.9866666666666667
44 k=40时，Iris数据集的k近邻准确率为： 0.98
45 k=41时，Iris数据集的k近邻准确率为： 0.9866666666666667
46 k=42时，Iris数据集的k近邻准确率为： 0.98
47 k=43时，Iris数据集的k近邻准确率为： 0.9866666666666667
48 k=44时，Iris数据集的k近邻准确率为： 0.9866666666666667
49 k=45时，Iris数据集的k近邻准确率为： 0.9866666666666667
50 k=46时，Iris数据集的k近邻准确率为： 0.98
51 k=47时，Iris数据集的k近邻准确率为： 0.9866666666666667
52 k=48时，Iris数据集的k近邻准确率为： 0.98
53 k=49时，Iris数据集的k近邻准确率为： 0.9866666666666667
54 k=50时，Iris数据集的k近邻准确率为： 0.98
55 [SwanLab-INFO]:        The current experiment fisher_KNN_Iris_Mar03_11-09-39 has been completed, SwanLab will close it automatically
